<?xml version="1.0" encoding="UTF-8"?>
<testsuite name="com.example.bus_timetabling.controller.TimesTableControllerTest" tests="9" skipped="0" failures="0" errors="0" timestamp="2024-10-15T18:11:14" hostname="Chriss-MBP" time="4.923">
  <properties/>
  <testcase name="testCreateTimesTable_MissingBusId()" classname="com.example.bus_timetabling.controller.TimesTableControllerTest" time="4.0"/>
  <testcase name="testCreateTimesTable()" classname="com.example.bus_timetabling.controller.TimesTableControllerTest" time="0.662"/>
  <testcase name="testUpdateTimesTable_InvalidDates()" classname="com.example.bus_timetabling.controller.TimesTableControllerTest" time="0.032"/>
  <testcase name="testDeleteTimesTable()" classname="com.example.bus_timetabling.controller.TimesTableControllerTest" time="0.025"/>
  <testcase name="testGetTimesTablesByBusId_NotFound()" classname="com.example.bus_timetabling.controller.TimesTableControllerTest" time="0.053"/>
  <testcase name="testGetTimesTableById_NotFound()" classname="com.example.bus_timetabling.controller.TimesTableControllerTest" time="0.031"/>
  <testcase name="testGetTimesTableById()" classname="com.example.bus_timetabling.controller.TimesTableControllerTest" time="0.015"/>
  <testcase name="testGetAllTimesTables()" classname="com.example.bus_timetabling.controller.TimesTableControllerTest" time="0.017"/>
  <testcase name="testDeleteTimesTable_Twice()" classname="com.example.bus_timetabling.controller.TimesTableControllerTest" time="0.057"/>
  <system-out><![CDATA[2024-10-15T14:11:04.955-04:00  INFO 24113 --- [    Test worker] t.c.s.AnnotationConfigContextLoaderUtils : Could not detect default configuration classes for test class [com.example.bus_timetabling.controller.TimesTableControllerTest]: TimesTableControllerTest does not declare any static, non-private, non-final, nested classes annotated with @Configuration.
2024-10-15T14:11:05.071-04:00  INFO 24113 --- [    Test worker] .b.t.c.SpringBootTestContextBootstrapper : Found @SpringBootConfiguration com.example.bus_timetabling.BusTimetablingApplication for test class com.example.bus_timetabling.controller.TimesTableControllerTest

  .   ____          _            __ _ _
 /\\ / ___'_ __ _ _(_)_ __  __ _ \ \ \ \
( ( )\___ | '_ | '_| | '_ \/ _` | \ \ \ \
 \\/  ___)| |_)| | | | | || (_| |  ) ) ) )
  '  |____| .__|_| |_|_| |_\__, | / / / /
 =========|_|==============|___/=/_/_/_/

 :: Spring Boot ::                (v3.3.4)

2024-10-15T14:11:05.231-04:00  INFO 24113 --- [    Test worker] c.e.b.c.TimesTableControllerTest         : Starting TimesTableControllerTest using Java 17.0.11 with PID 24113 (started by bryant in /Users/bryant/Documents/peopleshores/bus_project/Bus_TimeTabling)
2024-10-15T14:11:05.234-04:00  INFO 24113 --- [    Test worker] c.e.b.c.TimesTableControllerTest         : No active profile set, falling back to 1 default profile: "default"
2024-10-15T14:11:14.166-04:00  INFO 24113 --- [    Test worker] o.s.b.t.m.w.SpringBootMockServletContext : Initializing Spring TestDispatcherServlet ''
2024-10-15T14:11:14.168-04:00  INFO 24113 --- [    Test worker] o.s.t.web.servlet.TestDispatcherServlet  : Initializing Servlet ''
2024-10-15T14:11:14.177-04:00  INFO 24113 --- [    Test worker] o.s.t.web.servlet.TestDispatcherServlet  : Completed initialization in 4 ms
2024-10-15T14:11:14.353-04:00  INFO 24113 --- [    Test worker] c.e.b.c.TimesTableControllerTest         : Started TimesTableControllerTest in 9.254 seconds (process running for 29.5)
Response: {}
]]></system-out>
  <system-err><![CDATA[]]></system-err>
</testsuite>
